[2017-09-19 15:29:51] local.ERROR: exception 'Symfony\Component\Debug\Exception\FatalErrorException' with message 'Class 'App\Http\Controllers\Log' not found' in /Users/ShaoGaoJie/Works/git/laravel52-sourcecode/app/Http/Controllers/TestController.php:22
Stack trace:
#0 /Users/ShaoGaoJie/Works/git/laravel52-sourcecode/vendor/laravel/framework/src/Illuminate/Foundation/Bootstrap/HandleExceptions.php(133): Symfony\Component\Debug\Exception\FatalErrorException->__construct()
#1 /Users/ShaoGaoJie/Works/git/laravel52-sourcecode/vendor/laravel/framework/src/Illuminate/Foundation/Bootstrap/HandleExceptions.php(118): Illuminate\Foundation\Bootstrap\HandleExceptions->fatalExceptionFromError()
#2 /Users/ShaoGaoJie/Works/git/laravel52-sourcecode/vendor/laravel/framework/src/Illuminate/Foundation/Bootstrap/HandleExceptions.php(0): Illuminate\Foundation\Bootstrap\HandleExceptions->handleShutdown()
#3 /Users/ShaoGaoJie/Works/git/laravel52-sourcecode/vendor/laravel/framework/src/Illuminate/Routing/Controller.php(80): App\Http\Controllers\TestController->showProfile()
#4 /Users/ShaoGaoJie/Works/git/laravel52-sourcecode/vendor/laravel/framework/src/Illuminate/Routing/Controller.php(80): call_user_func_array()
#5 /Users/ShaoGaoJie/Works/git/laravel52-sourcecode/vendor/laravel/framework/src/Illuminate/Routing/ControllerDispatcher.php(146): Illuminate\Routing\Controller->callAction()
#6 /Users/ShaoGaoJie/Works/git/laravel52-sourcecode/vendor/laravel/framework/src/Illuminate/Routing/ControllerDispatcher.php(94): Illuminate\Routing\ControllerDispatcher->call()
#7 /Users/ShaoGaoJie/Works/git/laravel52-sourcecode/vendor/laravel/framework/src/Illuminate/Routing/Pipeline.php(52): Illuminate\Routing\ControllerDispatcher->Illuminate\Routing\{closure}()
#8 /Users/ShaoGaoJie/Works/git/laravel52-sourcecode/vendor/laravel/framework/src/Illuminate/Routing/Pipeline.php(52): call_user_func()
#9 /Users/ShaoGaoJie/Works/git/laravel52-sourcecode/vendor/laravel/framework/src/Illuminate/Pipeline/Pipeline.php(103): Illuminate\Routing\Pipeline->Illuminate\Routing\{closure}()
#10 /Users/ShaoGaoJie/Works/git/laravel52-sourcecode/vendor/laravel/framework/src/Illuminate/Pipeline/Pipeline.php(103): call_user_func()
#11 /Users/ShaoGaoJie/Works/git/laravel52-sourcecode/vendor/laravel/framework/src/Illuminate/Routing/ControllerDispatcher.php(96): Illuminate\Pipeline\Pipeline->then()
#12 /Users/ShaoGaoJie/Works/git/laravel52-sourcecode/vendor/laravel/framework/src/Illuminate/Routing/ControllerDispatcher.php(54): Illuminate\Routing\ControllerDispatcher->callWithinStack()
#13 /Users/ShaoGaoJie/Works/git/laravel52-sourcecode/vendor/laravel/framework/src/Illuminate/Routing/Route.php(174): Illuminate\Routing\ControllerDispatcher->dispatch()
#14 /Users/ShaoGaoJie/Works/git/laravel52-sourcecode/vendor/laravel/framework/src/Illuminate/Routing/Route.php(140): Illuminate\Routing\Route->runController()
#15 /Users/ShaoGaoJie/Works/git/laravel52-sourcecode/vendor/laravel/framework/src/Illuminate/Routing/Router.php(724): Illuminate\Routing\Route->run()
#16 /Users/ShaoGaoJie/Works/git/laravel52-sourcecode/vendor/laravel/framework/src/Illuminate/Routing/Pipeline.php(52): Illuminate\Routing\Router->Illuminate\Routing\{closure}()
#17 /Users/ShaoGaoJie/Works/git/laravel52-sourcecode/vendor/laravel/framework/src/Illuminate/Routing/Pipeline.php(52): call_user_func()
#18 /Users/ShaoGaoJie/Works/git/laravel52-sourcecode/vendor/laravel/framework/src/Illuminate/Foundation/Http/Middleware/VerifyCsrfToken.php(64): Illuminate\Routing\Pipeline->Illuminate\Routing\{closure}()
#19 /Users/ShaoGaoJie/Works/git/laravel52-sourcecode/vendor/laravel/framework/src/Illuminate/Pipeline/Pipeline.php(136): Illuminate\Foundation\Http\Middleware\VerifyCsrfToken->handle()
#20 /Users/ShaoGaoJie/Works/git/laravel52-sourcecode/vendor/laravel/framework/src/Illuminate/Pipeline/Pipeline.php(136): call_user_func_array()
#21 /Users/ShaoGaoJie/Works/git/laravel52-sourcecode/vendor/laravel/framework/src/Illuminate/Routing/Pipeline.php(32): Illuminate\Pipeline\Pipeline->Illuminate\Pipeline\{closure}()
#22 /Users/ShaoGaoJie/Works/git/laravel52-sourcecode/vendor/laravel/framework/src/Illuminate/Routing/Pipeline.php(32): call_user_func()
#23 /Users/ShaoGaoJie/Works/git/laravel52-sourcecode/vendor/laravel/framework/src/Illuminate/View/Middleware/ShareErrorsFromSession.php(49): Illuminate\Routing\Pipeline->Illuminate\Routing\{closure}()
#24 /Users/ShaoGaoJie/Works/git/laravel52-sourcecode/vendor/laravel/framework/src/Illuminate/Pipeline/Pipeline.php(136): Illuminate\View\Middleware\ShareErrorsFromSession->handle()
#25 /Users/ShaoGaoJie/Works/git/laravel52-sourcecode/vendor/laravel/framework/src/Illuminate/Pipeline/Pipeline.php(136): call_user_func_array()
#26 /Users/ShaoGaoJie/Works/git/laravel52-sourcecode/vendor/laravel/framework/src/Illuminate/Routing/Pipeline.php(32): Illuminate\Pipeline\Pipeline->Illuminate\Pipeline\{closure}()
#27 /Users/ShaoGaoJie/Works/git/laravel52-sourcecode/vendor/laravel/framework/src/Illuminate/Routing/Pipeline.php(32): call_user_func()
#28 /Users/ShaoGaoJie/Works/git/laravel52-sourcecode/vendor/laravel/framework/src/Illuminate/Session/Middleware/StartSession.php(64): Illuminate\Routing\Pipeline->Illuminate\Routing\{closure}()
#29 /Users/ShaoGaoJie/Works/git/laravel52-sourcecode/vendor/laravel/framework/src/Illuminate/Pipeline/Pipeline.php(136): Illuminate\Session\Middleware\StartSession->handle()
#30 /Users/ShaoGaoJie/Works/git/laravel52-sourcecode/vendor/laravel/framework/src/Illuminate/Pipeline/Pipeline.php(136): call_user_func_array()
#31 /Users/ShaoGaoJie/Works/git/laravel52-sourcecode/vendor/laravel/framework/src/Illuminate/Routing/Pipeline.php(32): Illuminate\Pipeline\Pipeline->Illuminate\Pipeline\{closure}()
#32 /Users/ShaoGaoJie/Works/git/laravel52-sourcecode/vendor/laravel/framework/src/Illuminate/Routing/Pipeline.php(32): call_user_func()
#33 /Users/ShaoGaoJie/Works/git/laravel52-sourcecode/vendor/laravel/framework/src/Illuminate/Cookie/Middleware/AddQueuedCookiesToResponse.php(37): Illuminate\Routing\Pipeline->Illuminate\Routing\{closure}()
#34 /Users/ShaoGaoJie/Works/git/laravel52-sourcecode/vendor/laravel/framework/src/Illuminate/Pipeline/Pipeline.php(136): Illuminate\Cookie\Middleware\AddQueuedCookiesToResponse->handle()
#35 /Users/ShaoGaoJie/Works/git/laravel52-sourcecode/vendor/laravel/framework/src/Illuminate/Pipeline/Pipeline.php(136): call_user_func_array()
#36 /Users/ShaoGaoJie/Works/git/laravel52-sourcecode/vendor/laravel/framework/src/Illuminate/Routing/Pipeline.php(32): Illuminate\Pipeline\Pipeline->Illuminate\Pipeline\{closure}()
#37 /Users/ShaoGaoJie/Works/git/laravel52-sourcecode/vendor/laravel/framework/src/Illuminate/Routing/Pipeline.php(32): call_user_func()
#38 /Users/ShaoGaoJie/Works/git/laravel52-sourcecode/vendor/laravel/framework/src/Illuminate/Cookie/Middleware/EncryptCookies.php(59): Illuminate\Routing\Pipeline->Illuminate\Routing\{closure}()
#39 /Users/ShaoGaoJie/Works/git/laravel52-sourcecode/vendor/laravel/framework/src/Illuminate/Pipeline/Pipeline.php(136): Illuminate\Cookie\Middleware\EncryptCookies->handle()
#40 /Users/ShaoGaoJie/Works/git/laravel52-sourcecode/vendor/laravel/framework/src/Illuminate/Pipeline/Pipeline.php(136): call_user_func_array()
#41 /Users/ShaoGaoJie/Works/git/laravel52-sourcecode/vendor/laravel/framework/src/Illuminate/Routing/Pipeline.php(32): Illuminate\Pipeline\Pipeline->Illuminate\Pipeline\{closure}()
#42 /Users/ShaoGaoJie/Works/git/laravel52-sourcecode/vendor/laravel/framework/src/Illuminate/Routing/Pipeline.php(32): call_user_func()
#43 /Users/ShaoGaoJie/Works/git/laravel52-sourcecode/vendor/laravel/framework/src/Illuminate/Pipeline/Pipeline.php(103): Illuminate\Routing\Pipeline->Illuminate\Routing\{closure}()
#44 /Users/ShaoGaoJie/Works/git/laravel52-sourcecode/vendor/laravel/framework/src/Illuminate/Pipeline/Pipeline.php(103): call_user_func()
#45 /Users/ShaoGaoJie/Works/git/laravel52-sourcecode/vendor/laravel/framework/src/Illuminate/Routing/Router.php(726): Illuminate\Pipeline\Pipeline->then()
#46 /Users/ShaoGaoJie/Works/git/laravel52-sourcecode/vendor/laravel/framework/src/Illuminate/Routing/Router.php(699): Illuminate\Routing\Router->runRouteWithinStack()
#47 /Users/ShaoGaoJie/Works/git/laravel52-sourcecode/vendor/laravel/framework/src/Illuminate/Routing/Router.php(675): Illuminate\Routing\Router->dispatchToRoute()
#48 /Users/ShaoGaoJie/Works/git/laravel52-sourcecode/vendor/laravel/framework/src/Illuminate/Foundation/Http/Kernel.php(246): Illuminate\Routing\Router->dispatch()
#49 /Users/ShaoGaoJie/Works/git/laravel52-sourcecode/vendor/laravel/framework/src/Illuminate/Routing/Pipeline.php(52): Illuminate\Foundation\Http\Kernel->Illuminate\Foundation\Http\{closure}()
#50 /Users/ShaoGaoJie/Works/git/laravel52-sourcecode/vendor/laravel/framework/src/Illuminate/Routing/Pipeline.php(52): call_user_func()
#51 /Users/ShaoGaoJie/Works/git/laravel52-sourcecode/vendor/laravel/framework/src/Illuminate/Foundation/Http/Middleware/CheckForMaintenanceMode.php(44): Illuminate\Routing\Pipeline->Illuminate\Routing\{closure}()
#52 /Users/ShaoGaoJie/Works/git/laravel52-sourcecode/vendor/laravel/framework/src/Illuminate/Pipeline/Pipeline.php(136): Illuminate\Foundation\Http\Middleware\CheckForMaintenanceMode->handle()
#53 /Users/ShaoGaoJie/Works/git/laravel52-sourcecode/vendor/laravel/framework/src/Illuminate/Pipeline/Pipeline.php(136): call_user_func_array()
#54 /Users/ShaoGaoJie/Works/git/laravel52-sourcecode/vendor/laravel/framework/src/Illuminate/Routing/Pipeline.php(32): Illuminate\Pipeline\Pipeline->Illuminate\Pipeline\{closure}()
#55 /Users/ShaoGaoJie/Works/git/laravel52-sourcecode/vendor/laravel/framework/src/Illuminate/Routing/Pipeline.php(32): call_user_func()
#56 /Users/ShaoGaoJie/Works/git/laravel52-sourcecode/vendor/laravel/framework/src/Illuminate/Pipeline/Pipeline.php(103): Illuminate\Routing\Pipeline->Illuminate\Routing\{closure}()
#57 /Users/ShaoGaoJie/Works/git/laravel52-sourcecode/vendor/laravel/framework/src/Illuminate/Pipeline/Pipeline.php(103): call_user_func()
#58 /Users/ShaoGaoJie/Works/git/laravel52-sourcecode/vendor/laravel/framework/src/Illuminate/Foundation/Http/Kernel.php(132): Illuminate\Pipeline\Pipeline->then()
#59 /Users/ShaoGaoJie/Works/git/laravel52-sourcecode/vendor/laravel/framework/src/Illuminate/Foundation/Http/Kernel.php(99): Illuminate\Foundation\Http\Kernel->sendRequestThroughRouter()
#60 /Users/ShaoGaoJie/Works/git/laravel52-sourcecode/public/index.php(54): Illuminate\Foundation\Http\Kernel->handle()
#61 /Users/ShaoGaoJie/Works/git/laravel52-sourcecode/public/index.php(0): {main}()
#62 {main}  
[2017-09-19 15:31:32] local.ERROR: exception 'Symfony\Component\Debug\Exception\FatalErrorException' with message 'Class 'App\Http\Controllers\Log' not found' in /Users/ShaoGaoJie/Works/git/laravel52-sourcecode/app/Http/Controllers/TestController.php:23
Stack trace:
#0 /Users/ShaoGaoJie/Works/git/laravel52-sourcecode/vendor/laravel/framework/src/Illuminate/Foundation/Bootstrap/HandleExceptions.php(133): Symfony\Component\Debug\Exception\FatalErrorException->__construct()
#1 /Users/ShaoGaoJie/Works/git/laravel52-sourcecode/vendor/laravel/framework/src/Illuminate/Foundation/Bootstrap/HandleExceptions.php(118): Illuminate\Foundation\Bootstrap\HandleExceptions->fatalExceptionFromError()
#2 /Users/ShaoGaoJie/Works/git/laravel52-sourcecode/vendor/laravel/framework/src/Illuminate/Foundation/Bootstrap/HandleExceptions.php(0): Illuminate\Foundation\Bootstrap\HandleExceptions->handleShutdown()
#3 /Users/ShaoGaoJie/Works/git/laravel52-sourcecode/vendor/laravel/framework/src/Illuminate/Routing/Controller.php(80): App\Http\Controllers\TestController->showProfile()
#4 /Users/ShaoGaoJie/Works/git/laravel52-sourcecode/vendor/laravel/framework/src/Illuminate/Routing/Controller.php(80): call_user_func_array()
#5 /Users/ShaoGaoJie/Works/git/laravel52-sourcecode/vendor/laravel/framework/src/Illuminate/Routing/ControllerDispatcher.php(146): Illuminate\Routing\Controller->callAction()
#6 /Users/ShaoGaoJie/Works/git/laravel52-sourcecode/vendor/laravel/framework/src/Illuminate/Routing/ControllerDispatcher.php(94): Illuminate\Routing\ControllerDispatcher->call()
#7 /Users/ShaoGaoJie/Works/git/laravel52-sourcecode/vendor/laravel/framework/src/Illuminate/Routing/Pipeline.php(52): Illuminate\Routing\ControllerDispatcher->Illuminate\Routing\{closure}()
#8 /Users/ShaoGaoJie/Works/git/laravel52-sourcecode/vendor/laravel/framework/src/Illuminate/Routing/Pipeline.php(52): call_user_func()
#9 /Users/ShaoGaoJie/Works/git/laravel52-sourcecode/vendor/laravel/framework/src/Illuminate/Pipeline/Pipeline.php(103): Illuminate\Routing\Pipeline->Illuminate\Routing\{closure}()
#10 /Users/ShaoGaoJie/Works/git/laravel52-sourcecode/vendor/laravel/framework/src/Illuminate/Pipeline/Pipeline.php(103): call_user_func()
#11 /Users/ShaoGaoJie/Works/git/laravel52-sourcecode/vendor/laravel/framework/src/Illuminate/Routing/ControllerDispatcher.php(96): Illuminate\Pipeline\Pipeline->then()
#12 /Users/ShaoGaoJie/Works/git/laravel52-sourcecode/vendor/laravel/framework/src/Illuminate/Routing/ControllerDispatcher.php(54): Illuminate\Routing\ControllerDispatcher->callWithinStack()
#13 /Users/ShaoGaoJie/Works/git/laravel52-sourcecode/vendor/laravel/framework/src/Illuminate/Routing/Route.php(174): Illuminate\Routing\ControllerDispatcher->dispatch()
#14 /Users/ShaoGaoJie/Works/git/laravel52-sourcecode/vendor/laravel/framework/src/Illuminate/Routing/Route.php(140): Illuminate\Routing\Route->runController()
#15 /Users/ShaoGaoJie/Works/git/laravel52-sourcecode/vendor/laravel/framework/src/Illuminate/Routing/Router.php(724): Illuminate\Routing\Route->run()
#16 /Users/ShaoGaoJie/Works/git/laravel52-sourcecode/vendor/laravel/framework/src/Illuminate/Routing/Pipeline.php(52): Illuminate\Routing\Router->Illuminate\Routing\{closure}()
#17 /Users/ShaoGaoJie/Works/git/laravel52-sourcecode/vendor/laravel/framework/src/Illuminate/Routing/Pipeline.php(52): call_user_func()
#18 /Users/ShaoGaoJie/Works/git/laravel52-sourcecode/vendor/laravel/framework/src/Illuminate/Foundation/Http/Middleware/VerifyCsrfToken.php(64): Illuminate\Routing\Pipeline->Illuminate\Routing\{closure}()
#19 /Users/ShaoGaoJie/Works/git/laravel52-sourcecode/vendor/laravel/framework/src/Illuminate/Pipeline/Pipeline.php(136): Illuminate\Foundation\Http\Middleware\VerifyCsrfToken->handle()
#20 /Users/ShaoGaoJie/Works/git/laravel52-sourcecode/vendor/laravel/framework/src/Illuminate/Pipeline/Pipeline.php(136): call_user_func_array()
#21 /Users/ShaoGaoJie/Works/git/laravel52-sourcecode/vendor/laravel/framework/src/Illuminate/Routing/Pipeline.php(32): Illuminate\Pipeline\Pipeline->Illuminate\Pipeline\{closure}()
#22 /Users/ShaoGaoJie/Works/git/laravel52-sourcecode/vendor/laravel/framework/src/Illuminate/Routing/Pipeline.php(32): call_user_func()
#23 /Users/ShaoGaoJie/Works/git/laravel52-sourcecode/vendor/laravel/framework/src/Illuminate/View/Middleware/ShareErrorsFromSession.php(49): Illuminate\Routing\Pipeline->Illuminate\Routing\{closure}()
#24 /Users/ShaoGaoJie/Works/git/laravel52-sourcecode/vendor/laravel/framework/src/Illuminate/Pipeline/Pipeline.php(136): Illuminate\View\Middleware\ShareErrorsFromSession->handle()
#25 /Users/ShaoGaoJie/Works/git/laravel52-sourcecode/vendor/laravel/framework/src/Illuminate/Pipeline/Pipeline.php(136): call_user_func_array()
#26 /Users/ShaoGaoJie/Works/git/laravel52-sourcecode/vendor/laravel/framework/src/Illuminate/Routing/Pipeline.php(32): Illuminate\Pipeline\Pipeline->Illuminate\Pipeline\{closure}()
#27 /Users/ShaoGaoJie/Works/git/laravel52-sourcecode/vendor/laravel/framework/src/Illuminate/Routing/Pipeline.php(32): call_user_func()
#28 /Users/ShaoGaoJie/Works/git/laravel52-sourcecode/vendor/laravel/framework/src/Illuminate/Session/Middleware/StartSession.php(64): Illuminate\Routing\Pipeline->Illuminate\Routing\{closure}()
#29 /Users/ShaoGaoJie/Works/git/laravel52-sourcecode/vendor/laravel/framework/src/Illuminate/Pipeline/Pipeline.php(136): Illuminate\Session\Middleware\StartSession->handle()
#30 /Users/ShaoGaoJie/Works/git/laravel52-sourcecode/vendor/laravel/framework/src/Illuminate/Pipeline/Pipeline.php(136): call_user_func_array()
#31 /Users/ShaoGaoJie/Works/git/laravel52-sourcecode/vendor/laravel/framework/src/Illuminate/Routing/Pipeline.php(32): Illuminate\Pipeline\Pipeline->Illuminate\Pipeline\{closure}()
#32 /Users/ShaoGaoJie/Works/git/laravel52-sourcecode/vendor/laravel/framework/src/Illuminate/Routing/Pipeline.php(32): call_user_func()
#33 /Users/ShaoGaoJie/Works/git/laravel52-sourcecode/vendor/laravel/framework/src/Illuminate/Cookie/Middleware/AddQueuedCookiesToResponse.php(37): Illuminate\Routing\Pipeline->Illuminate\Routing\{closure}()
#34 /Users/ShaoGaoJie/Works/git/laravel52-sourcecode/vendor/laravel/framework/src/Illuminate/Pipeline/Pipeline.php(136): Illuminate\Cookie\Middleware\AddQueuedCookiesToResponse->handle()
#35 /Users/ShaoGaoJie/Works/git/laravel52-sourcecode/vendor/laravel/framework/src/Illuminate/Pipeline/Pipeline.php(136): call_user_func_array()
#36 /Users/ShaoGaoJie/Works/git/laravel52-sourcecode/vendor/laravel/framework/src/Illuminate/Routing/Pipeline.php(32): Illuminate\Pipeline\Pipeline->Illuminate\Pipeline\{closure}()
#37 /Users/ShaoGaoJie/Works/git/laravel52-sourcecode/vendor/laravel/framework/src/Illuminate/Routing/Pipeline.php(32): call_user_func()
#38 /Users/ShaoGaoJie/Works/git/laravel52-sourcecode/vendor/laravel/framework/src/Illuminate/Cookie/Middleware/EncryptCookies.php(59): Illuminate\Routing\Pipeline->Illuminate\Routing\{closure}()
#39 /Users/ShaoGaoJie/Works/git/laravel52-sourcecode/vendor/laravel/framework/src/Illuminate/Pipeline/Pipeline.php(136): Illuminate\Cookie\Middleware\EncryptCookies->handle()
#40 /Users/ShaoGaoJie/Works/git/laravel52-sourcecode/vendor/laravel/framework/src/Illuminate/Pipeline/Pipeline.php(136): call_user_func_array()
#41 /Users/ShaoGaoJie/Works/git/laravel52-sourcecode/vendor/laravel/framework/src/Illuminate/Routing/Pipeline.php(32): Illuminate\Pipeline\Pipeline->Illuminate\Pipeline\{closure}()
#42 /Users/ShaoGaoJie/Works/git/laravel52-sourcecode/vendor/laravel/framework/src/Illuminate/Routing/Pipeline.php(32): call_user_func()
#43 /Users/ShaoGaoJie/Works/git/laravel52-sourcecode/vendor/laravel/framework/src/Illuminate/Pipeline/Pipeline.php(103): Illuminate\Routing\Pipeline->Illuminate\Routing\{closure}()
#44 /Users/ShaoGaoJie/Works/git/laravel52-sourcecode/vendor/laravel/framework/src/Illuminate/Pipeline/Pipeline.php(103): call_user_func()
#45 /Users/ShaoGaoJie/Works/git/laravel52-sourcecode/vendor/laravel/framework/src/Illuminate/Routing/Router.php(726): Illuminate\Pipeline\Pipeline->then()
#46 /Users/ShaoGaoJie/Works/git/laravel52-sourcecode/vendor/laravel/framework/src/Illuminate/Routing/Router.php(699): Illuminate\Routing\Router->runRouteWithinStack()
#47 /Users/ShaoGaoJie/Works/git/laravel52-sourcecode/vendor/laravel/framework/src/Illuminate/Routing/Router.php(675): Illuminate\Routing\Router->dispatchToRoute()
#48 /Users/ShaoGaoJie/Works/git/laravel52-sourcecode/vendor/laravel/framework/src/Illuminate/Foundation/Http/Kernel.php(246): Illuminate\Routing\Router->dispatch()
#49 /Users/ShaoGaoJie/Works/git/laravel52-sourcecode/vendor/laravel/framework/src/Illuminate/Routing/Pipeline.php(52): Illuminate\Foundation\Http\Kernel->Illuminate\Foundation\Http\{closure}()
#50 /Users/ShaoGaoJie/Works/git/laravel52-sourcecode/vendor/laravel/framework/src/Illuminate/Routing/Pipeline.php(52): call_user_func()
#51 /Users/ShaoGaoJie/Works/git/laravel52-sourcecode/vendor/laravel/framework/src/Illuminate/Foundation/Http/Middleware/CheckForMaintenanceMode.php(44): Illuminate\Routing\Pipeline->Illuminate\Routing\{closure}()
#52 /Users/ShaoGaoJie/Works/git/laravel52-sourcecode/vendor/laravel/framework/src/Illuminate/Pipeline/Pipeline.php(136): Illuminate\Foundation\Http\Middleware\CheckForMaintenanceMode->handle()
#53 /Users/ShaoGaoJie/Works/git/laravel52-sourcecode/vendor/laravel/framework/src/Illuminate/Pipeline/Pipeline.php(136): call_user_func_array()
#54 /Users/ShaoGaoJie/Works/git/laravel52-sourcecode/vendor/laravel/framework/src/Illuminate/Routing/Pipeline.php(32): Illuminate\Pipeline\Pipeline->Illuminate\Pipeline\{closure}()
#55 /Users/ShaoGaoJie/Works/git/laravel52-sourcecode/vendor/laravel/framework/src/Illuminate/Routing/Pipeline.php(32): call_user_func()
#56 /Users/ShaoGaoJie/Works/git/laravel52-sourcecode/vendor/laravel/framework/src/Illuminate/Pipeline/Pipeline.php(103): Illuminate\Routing\Pipeline->Illuminate\Routing\{closure}()
#57 /Users/ShaoGaoJie/Works/git/laravel52-sourcecode/vendor/laravel/framework/src/Illuminate/Pipeline/Pipeline.php(103): call_user_func()
#58 /Users/ShaoGaoJie/Works/git/laravel52-sourcecode/vendor/laravel/framework/src/Illuminate/Foundation/Http/Kernel.php(132): Illuminate\Pipeline\Pipeline->then()
#59 /Users/ShaoGaoJie/Works/git/laravel52-sourcecode/vendor/laravel/framework/src/Illuminate/Foundation/Http/Kernel.php(99): Illuminate\Foundation\Http\Kernel->sendRequestThroughRouter()
#60 /Users/ShaoGaoJie/Works/git/laravel52-sourcecode/public/index.php(54): Illuminate\Foundation\Http\Kernel->handle()
#61 /Users/ShaoGaoJie/Works/git/laravel52-sourcecode/public/index.php(0): {main}()
#62 {main}  
[2017-09-19 15:33:07] local.ERROR: exception 'Symfony\Component\Debug\Exception\FatalErrorException' with message 'Class 'Illuminate\Log' not found' in /Users/ShaoGaoJie/Works/git/laravel52-sourcecode/app/Http/Controllers/TestController.php:23
Stack trace:
#0 /Users/ShaoGaoJie/Works/git/laravel52-sourcecode/vendor/laravel/framework/src/Illuminate/Foundation/Bootstrap/HandleExceptions.php(133): Symfony\Component\Debug\Exception\FatalErrorException->__construct()
#1 /Users/ShaoGaoJie/Works/git/laravel52-sourcecode/vendor/laravel/framework/src/Illuminate/Foundation/Bootstrap/HandleExceptions.php(118): Illuminate\Foundation\Bootstrap\HandleExceptions->fatalExceptionFromError()
#2 /Users/ShaoGaoJie/Works/git/laravel52-sourcecode/vendor/laravel/framework/src/Illuminate/Foundation/Bootstrap/HandleExceptions.php(0): Illuminate\Foundation\Bootstrap\HandleExceptions->handleShutdown()
#3 /Users/ShaoGaoJie/Works/git/laravel52-sourcecode/vendor/laravel/framework/src/Illuminate/Routing/Controller.php(80): App\Http\Controllers\TestController->showProfile()
#4 /Users/ShaoGaoJie/Works/git/laravel52-sourcecode/vendor/laravel/framework/src/Illuminate/Routing/Controller.php(80): call_user_func_array()
#5 /Users/ShaoGaoJie/Works/git/laravel52-sourcecode/vendor/laravel/framework/src/Illuminate/Routing/ControllerDispatcher.php(146): Illuminate\Routing\Controller->callAction()
#6 /Users/ShaoGaoJie/Works/git/laravel52-sourcecode/vendor/laravel/framework/src/Illuminate/Routing/ControllerDispatcher.php(94): Illuminate\Routing\ControllerDispatcher->call()
#7 /Users/ShaoGaoJie/Works/git/laravel52-sourcecode/vendor/laravel/framework/src/Illuminate/Routing/Pipeline.php(52): Illuminate\Routing\ControllerDispatcher->Illuminate\Routing\{closure}()
#8 /Users/ShaoGaoJie/Works/git/laravel52-sourcecode/vendor/laravel/framework/src/Illuminate/Routing/Pipeline.php(52): call_user_func()
#9 /Users/ShaoGaoJie/Works/git/laravel52-sourcecode/vendor/laravel/framework/src/Illuminate/Pipeline/Pipeline.php(103): Illuminate\Routing\Pipeline->Illuminate\Routing\{closure}()
#10 /Users/ShaoGaoJie/Works/git/laravel52-sourcecode/vendor/laravel/framework/src/Illuminate/Pipeline/Pipeline.php(103): call_user_func()
#11 /Users/ShaoGaoJie/Works/git/laravel52-sourcecode/vendor/laravel/framework/src/Illuminate/Routing/ControllerDispatcher.php(96): Illuminate\Pipeline\Pipeline->then()
#12 /Users/ShaoGaoJie/Works/git/laravel52-sourcecode/vendor/laravel/framework/src/Illuminate/Routing/ControllerDispatcher.php(54): Illuminate\Routing\ControllerDispatcher->callWithinStack()
#13 /Users/ShaoGaoJie/Works/git/laravel52-sourcecode/vendor/laravel/framework/src/Illuminate/Routing/Route.php(174): Illuminate\Routing\ControllerDispatcher->dispatch()
#14 /Users/ShaoGaoJie/Works/git/laravel52-sourcecode/vendor/laravel/framework/src/Illuminate/Routing/Route.php(140): Illuminate\Routing\Route->runController()
#15 /Users/ShaoGaoJie/Works/git/laravel52-sourcecode/vendor/laravel/framework/src/Illuminate/Routing/Router.php(724): Illuminate\Routing\Route->run()
#16 /Users/ShaoGaoJie/Works/git/laravel52-sourcecode/vendor/laravel/framework/src/Illuminate/Routing/Pipeline.php(52): Illuminate\Routing\Router->Illuminate\Routing\{closure}()
#17 /Users/ShaoGaoJie/Works/git/laravel52-sourcecode/vendor/laravel/framework/src/Illuminate/Routing/Pipeline.php(52): call_user_func()
#18 /Users/ShaoGaoJie/Works/git/laravel52-sourcecode/vendor/laravel/framework/src/Illuminate/Foundation/Http/Middleware/VerifyCsrfToken.php(64): Illuminate\Routing\Pipeline->Illuminate\Routing\{closure}()
#19 /Users/ShaoGaoJie/Works/git/laravel52-sourcecode/vendor/laravel/framework/src/Illuminate/Pipeline/Pipeline.php(136): Illuminate\Foundation\Http\Middleware\VerifyCsrfToken->handle()
#20 /Users/ShaoGaoJie/Works/git/laravel52-sourcecode/vendor/laravel/framework/src/Illuminate/Pipeline/Pipeline.php(136): call_user_func_array()
#21 /Users/ShaoGaoJie/Works/git/laravel52-sourcecode/vendor/laravel/framework/src/Illuminate/Routing/Pipeline.php(32): Illuminate\Pipeline\Pipeline->Illuminate\Pipeline\{closure}()
#22 /Users/ShaoGaoJie/Works/git/laravel52-sourcecode/vendor/laravel/framework/src/Illuminate/Routing/Pipeline.php(32): call_user_func()
#23 /Users/ShaoGaoJie/Works/git/laravel52-sourcecode/vendor/laravel/framework/src/Illuminate/View/Middleware/ShareErrorsFromSession.php(49): Illuminate\Routing\Pipeline->Illuminate\Routing\{closure}()
#24 /Users/ShaoGaoJie/Works/git/laravel52-sourcecode/vendor/laravel/framework/src/Illuminate/Pipeline/Pipeline.php(136): Illuminate\View\Middleware\ShareErrorsFromSession->handle()
#25 /Users/ShaoGaoJie/Works/git/laravel52-sourcecode/vendor/laravel/framework/src/Illuminate/Pipeline/Pipeline.php(136): call_user_func_array()
#26 /Users/ShaoGaoJie/Works/git/laravel52-sourcecode/vendor/laravel/framework/src/Illuminate/Routing/Pipeline.php(32): Illuminate\Pipeline\Pipeline->Illuminate\Pipeline\{closure}()
#27 /Users/ShaoGaoJie/Works/git/laravel52-sourcecode/vendor/laravel/framework/src/Illuminate/Routing/Pipeline.php(32): call_user_func()
#28 /Users/ShaoGaoJie/Works/git/laravel52-sourcecode/vendor/laravel/framework/src/Illuminate/Session/Middleware/StartSession.php(64): Illuminate\Routing\Pipeline->Illuminate\Routing\{closure}()
#29 /Users/ShaoGaoJie/Works/git/laravel52-sourcecode/vendor/laravel/framework/src/Illuminate/Pipeline/Pipeline.php(136): Illuminate\Session\Middleware\StartSession->handle()
#30 /Users/ShaoGaoJie/Works/git/laravel52-sourcecode/vendor/laravel/framework/src/Illuminate/Pipeline/Pipeline.php(136): call_user_func_array()
#31 /Users/ShaoGaoJie/Works/git/laravel52-sourcecode/vendor/laravel/framework/src/Illuminate/Routing/Pipeline.php(32): Illuminate\Pipeline\Pipeline->Illuminate\Pipeline\{closure}()
#32 /Users/ShaoGaoJie/Works/git/laravel52-sourcecode/vendor/laravel/framework/src/Illuminate/Routing/Pipeline.php(32): call_user_func()
#33 /Users/ShaoGaoJie/Works/git/laravel52-sourcecode/vendor/laravel/framework/src/Illuminate/Cookie/Middleware/AddQueuedCookiesToResponse.php(37): Illuminate\Routing\Pipeline->Illuminate\Routing\{closure}()
#34 /Users/ShaoGaoJie/Works/git/laravel52-sourcecode/vendor/laravel/framework/src/Illuminate/Pipeline/Pipeline.php(136): Illuminate\Cookie\Middleware\AddQueuedCookiesToResponse->handle()
#35 /Users/ShaoGaoJie/Works/git/laravel52-sourcecode/vendor/laravel/framework/src/Illuminate/Pipeline/Pipeline.php(136): call_user_func_array()
#36 /Users/ShaoGaoJie/Works/git/laravel52-sourcecode/vendor/laravel/framework/src/Illuminate/Routing/Pipeline.php(32): Illuminate\Pipeline\Pipeline->Illuminate\Pipeline\{closure}()
#37 /Users/ShaoGaoJie/Works/git/laravel52-sourcecode/vendor/laravel/framework/src/Illuminate/Routing/Pipeline.php(32): call_user_func()
#38 /Users/ShaoGaoJie/Works/git/laravel52-sourcecode/vendor/laravel/framework/src/Illuminate/Cookie/Middleware/EncryptCookies.php(59): Illuminate\Routing\Pipeline->Illuminate\Routing\{closure}()
#39 /Users/ShaoGaoJie/Works/git/laravel52-sourcecode/vendor/laravel/framework/src/Illuminate/Pipeline/Pipeline.php(136): Illuminate\Cookie\Middleware\EncryptCookies->handle()
#40 /Users/ShaoGaoJie/Works/git/laravel52-sourcecode/vendor/laravel/framework/src/Illuminate/Pipeline/Pipeline.php(136): call_user_func_array()
#41 /Users/ShaoGaoJie/Works/git/laravel52-sourcecode/vendor/laravel/framework/src/Illuminate/Routing/Pipeline.php(32): Illuminate\Pipeline\Pipeline->Illuminate\Pipeline\{closure}()
#42 /Users/ShaoGaoJie/Works/git/laravel52-sourcecode/vendor/laravel/framework/src/Illuminate/Routing/Pipeline.php(32): call_user_func()
#43 /Users/ShaoGaoJie/Works/git/laravel52-sourcecode/vendor/laravel/framework/src/Illuminate/Pipeline/Pipeline.php(103): Illuminate\Routing\Pipeline->Illuminate\Routing\{closure}()
#44 /Users/ShaoGaoJie/Works/git/laravel52-sourcecode/vendor/laravel/framework/src/Illuminate/Pipeline/Pipeline.php(103): call_user_func()
#45 /Users/ShaoGaoJie/Works/git/laravel52-sourcecode/vendor/laravel/framework/src/Illuminate/Routing/Router.php(726): Illuminate\Pipeline\Pipeline->then()
#46 /Users/ShaoGaoJie/Works/git/laravel52-sourcecode/vendor/laravel/framework/src/Illuminate/Routing/Router.php(699): Illuminate\Routing\Router->runRouteWithinStack()
#47 /Users/ShaoGaoJie/Works/git/laravel52-sourcecode/vendor/laravel/framework/src/Illuminate/Routing/Router.php(675): Illuminate\Routing\Router->dispatchToRoute()
#48 /Users/ShaoGaoJie/Works/git/laravel52-sourcecode/vendor/laravel/framework/src/Illuminate/Foundation/Http/Kernel.php(246): Illuminate\Routing\Router->dispatch()
#49 /Users/ShaoGaoJie/Works/git/laravel52-sourcecode/vendor/laravel/framework/src/Illuminate/Routing/Pipeline.php(52): Illuminate\Foundation\Http\Kernel->Illuminate\Foundation\Http\{closure}()
#50 /Users/ShaoGaoJie/Works/git/laravel52-sourcecode/vendor/laravel/framework/src/Illuminate/Routing/Pipeline.php(52): call_user_func()
#51 /Users/ShaoGaoJie/Works/git/laravel52-sourcecode/vendor/laravel/framework/src/Illuminate/Foundation/Http/Middleware/CheckForMaintenanceMode.php(44): Illuminate\Routing\Pipeline->Illuminate\Routing\{closure}()
#52 /Users/ShaoGaoJie/Works/git/laravel52-sourcecode/vendor/laravel/framework/src/Illuminate/Pipeline/Pipeline.php(136): Illuminate\Foundation\Http\Middleware\CheckForMaintenanceMode->handle()
#53 /Users/ShaoGaoJie/Works/git/laravel52-sourcecode/vendor/laravel/framework/src/Illuminate/Pipeline/Pipeline.php(136): call_user_func_array()
#54 /Users/ShaoGaoJie/Works/git/laravel52-sourcecode/vendor/laravel/framework/src/Illuminate/Routing/Pipeline.php(32): Illuminate\Pipeline\Pipeline->Illuminate\Pipeline\{closure}()
#55 /Users/ShaoGaoJie/Works/git/laravel52-sourcecode/vendor/laravel/framework/src/Illuminate/Routing/Pipeline.php(32): call_user_func()
#56 /Users/ShaoGaoJie/Works/git/laravel52-sourcecode/vendor/laravel/framework/src/Illuminate/Pipeline/Pipeline.php(103): Illuminate\Routing\Pipeline->Illuminate\Routing\{closure}()
#57 /Users/ShaoGaoJie/Works/git/laravel52-sourcecode/vendor/laravel/framework/src/Illuminate/Pipeline/Pipeline.php(103): call_user_func()
#58 /Users/ShaoGaoJie/Works/git/laravel52-sourcecode/vendor/laravel/framework/src/Illuminate/Foundation/Http/Kernel.php(132): Illuminate\Pipeline\Pipeline->then()
#59 /Users/ShaoGaoJie/Works/git/laravel52-sourcecode/vendor/laravel/framework/src/Illuminate/Foundation/Http/Kernel.php(99): Illuminate\Foundation\Http\Kernel->sendRequestThroughRouter()
#60 /Users/ShaoGaoJie/Works/git/laravel52-sourcecode/public/index.php(54): Illuminate\Foundation\Http\Kernel->handle()
#61 /Users/ShaoGaoJie/Works/git/laravel52-sourcecode/public/index.php(0): {main}()
#62 {main}  
[2017-09-19 15:33:47] local.ERROR: array (
  'msg' => 'this is a test log',
)  
