[2017-10-25 14:11:21] local.ERROR: exception 'Symfony\Component\Debug\Exception\FatalErrorException' with message 'parse error' in /Users/ShaoGaoJie/Works/git/laravel52-sourcecode/app/Http/routes.php:18
Stack trace:
#0 /Users/ShaoGaoJie/Works/git/laravel52-sourcecode/vendor/laravel/framework/src/Illuminate/Foundation/Bootstrap/HandleExceptions.php(133): Symfony\Component\Debug\Exception\FatalErrorException->__construct()
#1 /Users/ShaoGaoJie/Works/git/laravel52-sourcecode/vendor/laravel/framework/src/Illuminate/Foundation/Bootstrap/HandleExceptions.php(118): Illuminate\Foundation\Bootstrap\HandleExceptions->fatalExceptionFromError()
#2 /Users/ShaoGaoJie/Works/git/laravel52-sourcecode/vendor/laravel/framework/src/Illuminate/Foundation/Bootstrap/HandleExceptions.php(0): Illuminate\Foundation\Bootstrap\HandleExceptions->handleShutdown()
#3 /Users/ShaoGaoJie/Works/git/laravel52-sourcecode/vendor/laravel/framework/src/Illuminate/Routing/Router.php(398): App\Providers\RouteServiceProvider->App\Providers\{closure}()
#4 /Users/ShaoGaoJie/Works/git/laravel52-sourcecode/vendor/laravel/framework/src/Illuminate/Routing/Router.php(398): call_user_func()
#5 /Users/ShaoGaoJie/Works/git/laravel52-sourcecode/app/Providers/RouteServiceProvider.php(59): Illuminate\Routing\Router->group()
#6 /Users/ShaoGaoJie/Works/git/laravel52-sourcecode/app/Providers/RouteServiceProvider.php(40): App\Providers\RouteServiceProvider->mapWebRoutes()
#7 /Users/ShaoGaoJie/Works/git/laravel52-sourcecode/vendor/laravel/framework/src/Illuminate/Container/Container.php(507): App\Providers\RouteServiceProvider->map()
#8 /Users/ShaoGaoJie/Works/git/laravel52-sourcecode/vendor/laravel/framework/src/Illuminate/Container/Container.php(507): call_user_func_array()
#9 /Users/ShaoGaoJie/Works/git/laravel52-sourcecode/vendor/laravel/framework/src/Illuminate/Foundation/Support/Providers/RouteServiceProvider.php(72): Illuminate\Container\Container->call()
#10 /Users/ShaoGaoJie/Works/git/laravel52-sourcecode/vendor/laravel/framework/src/Illuminate/Foundation/Support/Providers/RouteServiceProvider.php(31): Illuminate\Foundation\Support\Providers\RouteServiceProvider->loadRoutes()
#11 /Users/ShaoGaoJie/Works/git/laravel52-sourcecode/app/Providers/RouteServiceProvider.php(29): Illuminate\Foundation\Support\Providers\RouteServiceProvider->boot()
#12 /Users/ShaoGaoJie/Works/git/laravel52-sourcecode/vendor/laravel/framework/src/Illuminate/Container/Container.php(507): App\Providers\RouteServiceProvider->boot()
#13 /Users/ShaoGaoJie/Works/git/laravel52-sourcecode/vendor/laravel/framework/src/Illuminate/Container/Container.php(507): call_user_func_array()
#14 /Users/ShaoGaoJie/Works/git/laravel52-sourcecode/vendor/laravel/framework/src/Illuminate/Foundation/Application.php(757): Illuminate\Container\Container->call()
#15 /Users/ShaoGaoJie/Works/git/laravel52-sourcecode/vendor/laravel/framework/src/Illuminate/Foundation/Application.php(740): Illuminate\Foundation\Application->bootProvider()
#16 /Users/ShaoGaoJie/Works/git/laravel52-sourcecode/vendor/laravel/framework/src/Illuminate/Foundation/Application.php(741): Illuminate\Foundation\Application->Illuminate\Foundation\{closure}()
#17 /Users/ShaoGaoJie/Works/git/laravel52-sourcecode/vendor/laravel/framework/src/Illuminate/Foundation/Application.php(741): array_walk()
#18 /Users/ShaoGaoJie/Works/git/laravel52-sourcecode/vendor/laravel/framework/src/Illuminate/Foundation/Bootstrap/BootProviders.php(17): Illuminate\Foundation\Application->boot()
#19 /Users/ShaoGaoJie/Works/git/laravel52-sourcecode/vendor/laravel/framework/src/Illuminate/Foundation/Application.php(203): Illuminate\Foundation\Bootstrap\BootProviders->bootstrap()
#20 /Users/ShaoGaoJie/Works/git/laravel52-sourcecode/vendor/laravel/framework/src/Illuminate/Foundation/Http/Kernel.php(232): Illuminate\Foundation\Application->bootstrapWith()
#21 /Users/ShaoGaoJie/Works/git/laravel52-sourcecode/vendor/laravel/framework/src/Illuminate/Foundation/Http/Kernel.php(127): Illuminate\Foundation\Http\Kernel->bootstrap()
#22 /Users/ShaoGaoJie/Works/git/laravel52-sourcecode/vendor/laravel/framework/src/Illuminate/Foundation/Http/Kernel.php(99): Illuminate\Foundation\Http\Kernel->sendRequestThroughRouter()
#23 /Users/ShaoGaoJie/Works/git/laravel52-sourcecode/public/index.php(54): Illuminate\Foundation\Http\Kernel->handle()
#24 /Users/ShaoGaoJie/Works/git/laravel52-sourcecode/public/index.php(0): {main}()
#25 {main}  
[2017-10-25 14:11:30] local.ERROR: exception 'Symfony\Component\Debug\Exception\FatalErrorException' with message 'parse error' in /Users/ShaoGaoJie/Works/git/laravel52-sourcecode/app/Http/routes.php:18
Stack trace:
#0 /Users/ShaoGaoJie/Works/git/laravel52-sourcecode/vendor/laravel/framework/src/Illuminate/Foundation/Bootstrap/HandleExceptions.php(133): Symfony\Component\Debug\Exception\FatalErrorException->__construct()
#1 /Users/ShaoGaoJie/Works/git/laravel52-sourcecode/vendor/laravel/framework/src/Illuminate/Foundation/Bootstrap/HandleExceptions.php(118): Illuminate\Foundation\Bootstrap\HandleExceptions->fatalExceptionFromError()
#2 /Users/ShaoGaoJie/Works/git/laravel52-sourcecode/vendor/laravel/framework/src/Illuminate/Foundation/Bootstrap/HandleExceptions.php(0): Illuminate\Foundation\Bootstrap\HandleExceptions->handleShutdown()
#3 /Users/ShaoGaoJie/Works/git/laravel52-sourcecode/vendor/laravel/framework/src/Illuminate/Routing/Router.php(398): App\Providers\RouteServiceProvider->App\Providers\{closure}()
#4 /Users/ShaoGaoJie/Works/git/laravel52-sourcecode/vendor/laravel/framework/src/Illuminate/Routing/Router.php(398): call_user_func()
#5 /Users/ShaoGaoJie/Works/git/laravel52-sourcecode/app/Providers/RouteServiceProvider.php(59): Illuminate\Routing\Router->group()
#6 /Users/ShaoGaoJie/Works/git/laravel52-sourcecode/app/Providers/RouteServiceProvider.php(40): App\Providers\RouteServiceProvider->mapWebRoutes()
#7 /Users/ShaoGaoJie/Works/git/laravel52-sourcecode/vendor/laravel/framework/src/Illuminate/Container/Container.php(507): App\Providers\RouteServiceProvider->map()
#8 /Users/ShaoGaoJie/Works/git/laravel52-sourcecode/vendor/laravel/framework/src/Illuminate/Container/Container.php(507): call_user_func_array()
#9 /Users/ShaoGaoJie/Works/git/laravel52-sourcecode/vendor/laravel/framework/src/Illuminate/Foundation/Support/Providers/RouteServiceProvider.php(72): Illuminate\Container\Container->call()
#10 /Users/ShaoGaoJie/Works/git/laravel52-sourcecode/vendor/laravel/framework/src/Illuminate/Foundation/Support/Providers/RouteServiceProvider.php(31): Illuminate\Foundation\Support\Providers\RouteServiceProvider->loadRoutes()
#11 /Users/ShaoGaoJie/Works/git/laravel52-sourcecode/app/Providers/RouteServiceProvider.php(29): Illuminate\Foundation\Support\Providers\RouteServiceProvider->boot()
#12 /Users/ShaoGaoJie/Works/git/laravel52-sourcecode/vendor/laravel/framework/src/Illuminate/Container/Container.php(507): App\Providers\RouteServiceProvider->boot()
#13 /Users/ShaoGaoJie/Works/git/laravel52-sourcecode/vendor/laravel/framework/src/Illuminate/Container/Container.php(507): call_user_func_array()
#14 /Users/ShaoGaoJie/Works/git/laravel52-sourcecode/vendor/laravel/framework/src/Illuminate/Foundation/Application.php(757): Illuminate\Container\Container->call()
#15 /Users/ShaoGaoJie/Works/git/laravel52-sourcecode/vendor/laravel/framework/src/Illuminate/Foundation/Application.php(740): Illuminate\Foundation\Application->bootProvider()
#16 /Users/ShaoGaoJie/Works/git/laravel52-sourcecode/vendor/laravel/framework/src/Illuminate/Foundation/Application.php(741): Illuminate\Foundation\Application->Illuminate\Foundation\{closure}()
#17 /Users/ShaoGaoJie/Works/git/laravel52-sourcecode/vendor/laravel/framework/src/Illuminate/Foundation/Application.php(741): array_walk()
#18 /Users/ShaoGaoJie/Works/git/laravel52-sourcecode/vendor/laravel/framework/src/Illuminate/Foundation/Bootstrap/BootProviders.php(17): Illuminate\Foundation\Application->boot()
#19 /Users/ShaoGaoJie/Works/git/laravel52-sourcecode/vendor/laravel/framework/src/Illuminate/Foundation/Application.php(203): Illuminate\Foundation\Bootstrap\BootProviders->bootstrap()
#20 /Users/ShaoGaoJie/Works/git/laravel52-sourcecode/vendor/laravel/framework/src/Illuminate/Foundation/Http/Kernel.php(232): Illuminate\Foundation\Application->bootstrapWith()
#21 /Users/ShaoGaoJie/Works/git/laravel52-sourcecode/vendor/laravel/framework/src/Illuminate/Foundation/Http/Kernel.php(127): Illuminate\Foundation\Http\Kernel->bootstrap()
#22 /Users/ShaoGaoJie/Works/git/laravel52-sourcecode/vendor/laravel/framework/src/Illuminate/Foundation/Http/Kernel.php(99): Illuminate\Foundation\Http\Kernel->sendRequestThroughRouter()
#23 /Users/ShaoGaoJie/Works/git/laravel52-sourcecode/public/index.php(54): Illuminate\Foundation\Http\Kernel->handle()
#24 /Users/ShaoGaoJie/Works/git/laravel52-sourcecode/public/index.php(0): {main}()
#25 {main}  
[2017-10-25 14:11:32] local.ERROR: exception 'Symfony\Component\Debug\Exception\FatalErrorException' with message 'parse error' in /Users/ShaoGaoJie/Works/git/laravel52-sourcecode/app/Http/routes.php:18
Stack trace:
#0 /Users/ShaoGaoJie/Works/git/laravel52-sourcecode/vendor/laravel/framework/src/Illuminate/Foundation/Bootstrap/HandleExceptions.php(133): Symfony\Component\Debug\Exception\FatalErrorException->__construct()
#1 /Users/ShaoGaoJie/Works/git/laravel52-sourcecode/vendor/laravel/framework/src/Illuminate/Foundation/Bootstrap/HandleExceptions.php(118): Illuminate\Foundation\Bootstrap\HandleExceptions->fatalExceptionFromError()
#2 /Users/ShaoGaoJie/Works/git/laravel52-sourcecode/vendor/laravel/framework/src/Illuminate/Foundation/Bootstrap/HandleExceptions.php(0): Illuminate\Foundation\Bootstrap\HandleExceptions->handleShutdown()
#3 /Users/ShaoGaoJie/Works/git/laravel52-sourcecode/vendor/laravel/framework/src/Illuminate/Routing/Router.php(398): App\Providers\RouteServiceProvider->App\Providers\{closure}()
#4 /Users/ShaoGaoJie/Works/git/laravel52-sourcecode/vendor/laravel/framework/src/Illuminate/Routing/Router.php(398): call_user_func()
#5 /Users/ShaoGaoJie/Works/git/laravel52-sourcecode/app/Providers/RouteServiceProvider.php(59): Illuminate\Routing\Router->group()
#6 /Users/ShaoGaoJie/Works/git/laravel52-sourcecode/app/Providers/RouteServiceProvider.php(40): App\Providers\RouteServiceProvider->mapWebRoutes()
#7 /Users/ShaoGaoJie/Works/git/laravel52-sourcecode/vendor/laravel/framework/src/Illuminate/Container/Container.php(507): App\Providers\RouteServiceProvider->map()
#8 /Users/ShaoGaoJie/Works/git/laravel52-sourcecode/vendor/laravel/framework/src/Illuminate/Container/Container.php(507): call_user_func_array()
#9 /Users/ShaoGaoJie/Works/git/laravel52-sourcecode/vendor/laravel/framework/src/Illuminate/Foundation/Support/Providers/RouteServiceProvider.php(72): Illuminate\Container\Container->call()
#10 /Users/ShaoGaoJie/Works/git/laravel52-sourcecode/vendor/laravel/framework/src/Illuminate/Foundation/Support/Providers/RouteServiceProvider.php(31): Illuminate\Foundation\Support\Providers\RouteServiceProvider->loadRoutes()
#11 /Users/ShaoGaoJie/Works/git/laravel52-sourcecode/app/Providers/RouteServiceProvider.php(29): Illuminate\Foundation\Support\Providers\RouteServiceProvider->boot()
#12 /Users/ShaoGaoJie/Works/git/laravel52-sourcecode/vendor/laravel/framework/src/Illuminate/Container/Container.php(507): App\Providers\RouteServiceProvider->boot()
#13 /Users/ShaoGaoJie/Works/git/laravel52-sourcecode/vendor/laravel/framework/src/Illuminate/Container/Container.php(507): call_user_func_array()
#14 /Users/ShaoGaoJie/Works/git/laravel52-sourcecode/vendor/laravel/framework/src/Illuminate/Foundation/Application.php(757): Illuminate\Container\Container->call()
#15 /Users/ShaoGaoJie/Works/git/laravel52-sourcecode/vendor/laravel/framework/src/Illuminate/Foundation/Application.php(740): Illuminate\Foundation\Application->bootProvider()
#16 /Users/ShaoGaoJie/Works/git/laravel52-sourcecode/vendor/laravel/framework/src/Illuminate/Foundation/Application.php(741): Illuminate\Foundation\Application->Illuminate\Foundation\{closure}()
#17 /Users/ShaoGaoJie/Works/git/laravel52-sourcecode/vendor/laravel/framework/src/Illuminate/Foundation/Application.php(741): array_walk()
#18 /Users/ShaoGaoJie/Works/git/laravel52-sourcecode/vendor/laravel/framework/src/Illuminate/Foundation/Bootstrap/BootProviders.php(17): Illuminate\Foundation\Application->boot()
#19 /Users/ShaoGaoJie/Works/git/laravel52-sourcecode/vendor/laravel/framework/src/Illuminate/Foundation/Application.php(203): Illuminate\Foundation\Bootstrap\BootProviders->bootstrap()
#20 /Users/ShaoGaoJie/Works/git/laravel52-sourcecode/vendor/laravel/framework/src/Illuminate/Foundation/Http/Kernel.php(232): Illuminate\Foundation\Application->bootstrapWith()
#21 /Users/ShaoGaoJie/Works/git/laravel52-sourcecode/vendor/laravel/framework/src/Illuminate/Foundation/Http/Kernel.php(127): Illuminate\Foundation\Http\Kernel->bootstrap()
#22 /Users/ShaoGaoJie/Works/git/laravel52-sourcecode/vendor/laravel/framework/src/Illuminate/Foundation/Http/Kernel.php(99): Illuminate\Foundation\Http\Kernel->sendRequestThroughRouter()
#23 /Users/ShaoGaoJie/Works/git/laravel52-sourcecode/public/index.php(54): Illuminate\Foundation\Http\Kernel->handle()
#24 /Users/ShaoGaoJie/Works/git/laravel52-sourcecode/public/index.php(0): {main}()
#25 {main}  
[2017-10-25 14:11:45] local.ERROR: exception 'Symfony\Component\Debug\Exception\FatalErrorException' with message 'parse error' in /Users/ShaoGaoJie/Works/git/laravel52-sourcecode/app/Http/routes.php:18
Stack trace:
#0 /Users/ShaoGaoJie/Works/git/laravel52-sourcecode/vendor/laravel/framework/src/Illuminate/Foundation/Bootstrap/HandleExceptions.php(133): Symfony\Component\Debug\Exception\FatalErrorException->__construct()
#1 /Users/ShaoGaoJie/Works/git/laravel52-sourcecode/vendor/laravel/framework/src/Illuminate/Foundation/Bootstrap/HandleExceptions.php(118): Illuminate\Foundation\Bootstrap\HandleExceptions->fatalExceptionFromError()
#2 /Users/ShaoGaoJie/Works/git/laravel52-sourcecode/vendor/laravel/framework/src/Illuminate/Foundation/Bootstrap/HandleExceptions.php(0): Illuminate\Foundation\Bootstrap\HandleExceptions->handleShutdown()
#3 /Users/ShaoGaoJie/Works/git/laravel52-sourcecode/vendor/laravel/framework/src/Illuminate/Routing/Router.php(398): App\Providers\RouteServiceProvider->App\Providers\{closure}()
#4 /Users/ShaoGaoJie/Works/git/laravel52-sourcecode/vendor/laravel/framework/src/Illuminate/Routing/Router.php(398): call_user_func()
#5 /Users/ShaoGaoJie/Works/git/laravel52-sourcecode/app/Providers/RouteServiceProvider.php(59): Illuminate\Routing\Router->group()
#6 /Users/ShaoGaoJie/Works/git/laravel52-sourcecode/app/Providers/RouteServiceProvider.php(40): App\Providers\RouteServiceProvider->mapWebRoutes()
#7 /Users/ShaoGaoJie/Works/git/laravel52-sourcecode/vendor/laravel/framework/src/Illuminate/Container/Container.php(507): App\Providers\RouteServiceProvider->map()
#8 /Users/ShaoGaoJie/Works/git/laravel52-sourcecode/vendor/laravel/framework/src/Illuminate/Container/Container.php(507): call_user_func_array()
#9 /Users/ShaoGaoJie/Works/git/laravel52-sourcecode/vendor/laravel/framework/src/Illuminate/Foundation/Support/Providers/RouteServiceProvider.php(72): Illuminate\Container\Container->call()
#10 /Users/ShaoGaoJie/Works/git/laravel52-sourcecode/vendor/laravel/framework/src/Illuminate/Foundation/Support/Providers/RouteServiceProvider.php(31): Illuminate\Foundation\Support\Providers\RouteServiceProvider->loadRoutes()
#11 /Users/ShaoGaoJie/Works/git/laravel52-sourcecode/app/Providers/RouteServiceProvider.php(29): Illuminate\Foundation\Support\Providers\RouteServiceProvider->boot()
#12 /Users/ShaoGaoJie/Works/git/laravel52-sourcecode/vendor/laravel/framework/src/Illuminate/Container/Container.php(507): App\Providers\RouteServiceProvider->boot()
#13 /Users/ShaoGaoJie/Works/git/laravel52-sourcecode/vendor/laravel/framework/src/Illuminate/Container/Container.php(507): call_user_func_array()
#14 /Users/ShaoGaoJie/Works/git/laravel52-sourcecode/vendor/laravel/framework/src/Illuminate/Foundation/Application.php(757): Illuminate\Container\Container->call()
#15 /Users/ShaoGaoJie/Works/git/laravel52-sourcecode/vendor/laravel/framework/src/Illuminate/Foundation/Application.php(740): Illuminate\Foundation\Application->bootProvider()
#16 /Users/ShaoGaoJie/Works/git/laravel52-sourcecode/vendor/laravel/framework/src/Illuminate/Foundation/Application.php(741): Illuminate\Foundation\Application->Illuminate\Foundation\{closure}()
#17 /Users/ShaoGaoJie/Works/git/laravel52-sourcecode/vendor/laravel/framework/src/Illuminate/Foundation/Application.php(741): array_walk()
#18 /Users/ShaoGaoJie/Works/git/laravel52-sourcecode/vendor/laravel/framework/src/Illuminate/Foundation/Bootstrap/BootProviders.php(17): Illuminate\Foundation\Application->boot()
#19 /Users/ShaoGaoJie/Works/git/laravel52-sourcecode/vendor/laravel/framework/src/Illuminate/Foundation/Application.php(203): Illuminate\Foundation\Bootstrap\BootProviders->bootstrap()
#20 /Users/ShaoGaoJie/Works/git/laravel52-sourcecode/vendor/laravel/framework/src/Illuminate/Foundation/Http/Kernel.php(232): Illuminate\Foundation\Application->bootstrapWith()
#21 /Users/ShaoGaoJie/Works/git/laravel52-sourcecode/vendor/laravel/framework/src/Illuminate/Foundation/Http/Kernel.php(127): Illuminate\Foundation\Http\Kernel->bootstrap()
#22 /Users/ShaoGaoJie/Works/git/laravel52-sourcecode/vendor/laravel/framework/src/Illuminate/Foundation/Http/Kernel.php(99): Illuminate\Foundation\Http\Kernel->sendRequestThroughRouter()
#23 /Users/ShaoGaoJie/Works/git/laravel52-sourcecode/public/index.php(54): Illuminate\Foundation\Http\Kernel->handle()
#24 /Users/ShaoGaoJie/Works/git/laravel52-sourcecode/public/index.php(0): {main}()
#25 {main}  
[2017-10-25 14:11:47] local.ERROR: exception 'Symfony\Component\Debug\Exception\FatalErrorException' with message 'parse error' in /Users/ShaoGaoJie/Works/git/laravel52-sourcecode/app/Http/routes.php:18
Stack trace:
#0 /Users/ShaoGaoJie/Works/git/laravel52-sourcecode/vendor/laravel/framework/src/Illuminate/Foundation/Bootstrap/HandleExceptions.php(133): Symfony\Component\Debug\Exception\FatalErrorException->__construct()
#1 /Users/ShaoGaoJie/Works/git/laravel52-sourcecode/vendor/laravel/framework/src/Illuminate/Foundation/Bootstrap/HandleExceptions.php(118): Illuminate\Foundation\Bootstrap\HandleExceptions->fatalExceptionFromError()
#2 /Users/ShaoGaoJie/Works/git/laravel52-sourcecode/vendor/laravel/framework/src/Illuminate/Foundation/Bootstrap/HandleExceptions.php(0): Illuminate\Foundation\Bootstrap\HandleExceptions->handleShutdown()
#3 /Users/ShaoGaoJie/Works/git/laravel52-sourcecode/vendor/laravel/framework/src/Illuminate/Routing/Router.php(398): App\Providers\RouteServiceProvider->App\Providers\{closure}()
#4 /Users/ShaoGaoJie/Works/git/laravel52-sourcecode/vendor/laravel/framework/src/Illuminate/Routing/Router.php(398): call_user_func()
#5 /Users/ShaoGaoJie/Works/git/laravel52-sourcecode/app/Providers/RouteServiceProvider.php(59): Illuminate\Routing\Router->group()
#6 /Users/ShaoGaoJie/Works/git/laravel52-sourcecode/app/Providers/RouteServiceProvider.php(40): App\Providers\RouteServiceProvider->mapWebRoutes()
#7 /Users/ShaoGaoJie/Works/git/laravel52-sourcecode/vendor/laravel/framework/src/Illuminate/Container/Container.php(507): App\Providers\RouteServiceProvider->map()
#8 /Users/ShaoGaoJie/Works/git/laravel52-sourcecode/vendor/laravel/framework/src/Illuminate/Container/Container.php(507): call_user_func_array()
#9 /Users/ShaoGaoJie/Works/git/laravel52-sourcecode/vendor/laravel/framework/src/Illuminate/Foundation/Support/Providers/RouteServiceProvider.php(72): Illuminate\Container\Container->call()
#10 /Users/ShaoGaoJie/Works/git/laravel52-sourcecode/vendor/laravel/framework/src/Illuminate/Foundation/Support/Providers/RouteServiceProvider.php(31): Illuminate\Foundation\Support\Providers\RouteServiceProvider->loadRoutes()
#11 /Users/ShaoGaoJie/Works/git/laravel52-sourcecode/app/Providers/RouteServiceProvider.php(29): Illuminate\Foundation\Support\Providers\RouteServiceProvider->boot()
#12 /Users/ShaoGaoJie/Works/git/laravel52-sourcecode/vendor/laravel/framework/src/Illuminate/Container/Container.php(507): App\Providers\RouteServiceProvider->boot()
#13 /Users/ShaoGaoJie/Works/git/laravel52-sourcecode/vendor/laravel/framework/src/Illuminate/Container/Container.php(507): call_user_func_array()
#14 /Users/ShaoGaoJie/Works/git/laravel52-sourcecode/vendor/laravel/framework/src/Illuminate/Foundation/Application.php(757): Illuminate\Container\Container->call()
#15 /Users/ShaoGaoJie/Works/git/laravel52-sourcecode/vendor/laravel/framework/src/Illuminate/Foundation/Application.php(740): Illuminate\Foundation\Application->bootProvider()
#16 /Users/ShaoGaoJie/Works/git/laravel52-sourcecode/vendor/laravel/framework/src/Illuminate/Foundation/Application.php(741): Illuminate\Foundation\Application->Illuminate\Foundation\{closure}()
#17 /Users/ShaoGaoJie/Works/git/laravel52-sourcecode/vendor/laravel/framework/src/Illuminate/Foundation/Application.php(741): array_walk()
#18 /Users/ShaoGaoJie/Works/git/laravel52-sourcecode/vendor/laravel/framework/src/Illuminate/Foundation/Bootstrap/BootProviders.php(17): Illuminate\Foundation\Application->boot()
#19 /Users/ShaoGaoJie/Works/git/laravel52-sourcecode/vendor/laravel/framework/src/Illuminate/Foundation/Application.php(203): Illuminate\Foundation\Bootstrap\BootProviders->bootstrap()
#20 /Users/ShaoGaoJie/Works/git/laravel52-sourcecode/vendor/laravel/framework/src/Illuminate/Foundation/Http/Kernel.php(232): Illuminate\Foundation\Application->bootstrapWith()
#21 /Users/ShaoGaoJie/Works/git/laravel52-sourcecode/vendor/laravel/framework/src/Illuminate/Foundation/Http/Kernel.php(127): Illuminate\Foundation\Http\Kernel->bootstrap()
#22 /Users/ShaoGaoJie/Works/git/laravel52-sourcecode/vendor/laravel/framework/src/Illuminate/Foundation/Http/Kernel.php(99): Illuminate\Foundation\Http\Kernel->sendRequestThroughRouter()
#23 /Users/ShaoGaoJie/Works/git/laravel52-sourcecode/public/index.php(54): Illuminate\Foundation\Http\Kernel->handle()
#24 /Users/ShaoGaoJie/Works/git/laravel52-sourcecode/public/index.php(0): {main}()
#25 {main}  
[2017-10-25 14:12:56] local.ERROR: exception 'Symfony\Component\Debug\Exception\FatalErrorException' with message 'parse error' in /Users/ShaoGaoJie/Works/git/laravel52-sourcecode/app/Http/routes.php:18
Stack trace:
#0 /Users/ShaoGaoJie/Works/git/laravel52-sourcecode/vendor/laravel/framework/src/Illuminate/Foundation/Bootstrap/HandleExceptions.php(133): Symfony\Component\Debug\Exception\FatalErrorException->__construct()
#1 /Users/ShaoGaoJie/Works/git/laravel52-sourcecode/vendor/laravel/framework/src/Illuminate/Foundation/Bootstrap/HandleExceptions.php(118): Illuminate\Foundation\Bootstrap\HandleExceptions->fatalExceptionFromError()
#2 /Users/ShaoGaoJie/Works/git/laravel52-sourcecode/vendor/laravel/framework/src/Illuminate/Foundation/Bootstrap/HandleExceptions.php(0): Illuminate\Foundation\Bootstrap\HandleExceptions->handleShutdown()
#3 /Users/ShaoGaoJie/Works/git/laravel52-sourcecode/vendor/laravel/framework/src/Illuminate/Routing/Router.php(398): App\Providers\RouteServiceProvider->App\Providers\{closure}()
#4 /Users/ShaoGaoJie/Works/git/laravel52-sourcecode/vendor/laravel/framework/src/Illuminate/Routing/Router.php(398): call_user_func()
#5 /Users/ShaoGaoJie/Works/git/laravel52-sourcecode/app/Providers/RouteServiceProvider.php(59): Illuminate\Routing\Router->group()
#6 /Users/ShaoGaoJie/Works/git/laravel52-sourcecode/app/Providers/RouteServiceProvider.php(40): App\Providers\RouteServiceProvider->mapWebRoutes()
#7 /Users/ShaoGaoJie/Works/git/laravel52-sourcecode/vendor/laravel/framework/src/Illuminate/Container/Container.php(507): App\Providers\RouteServiceProvider->map()
#8 /Users/ShaoGaoJie/Works/git/laravel52-sourcecode/vendor/laravel/framework/src/Illuminate/Container/Container.php(507): call_user_func_array()
#9 /Users/ShaoGaoJie/Works/git/laravel52-sourcecode/vendor/laravel/framework/src/Illuminate/Foundation/Support/Providers/RouteServiceProvider.php(72): Illuminate\Container\Container->call()
#10 /Users/ShaoGaoJie/Works/git/laravel52-sourcecode/vendor/laravel/framework/src/Illuminate/Foundation/Support/Providers/RouteServiceProvider.php(31): Illuminate\Foundation\Support\Providers\RouteServiceProvider->loadRoutes()
#11 /Users/ShaoGaoJie/Works/git/laravel52-sourcecode/app/Providers/RouteServiceProvider.php(29): Illuminate\Foundation\Support\Providers\RouteServiceProvider->boot()
#12 /Users/ShaoGaoJie/Works/git/laravel52-sourcecode/vendor/laravel/framework/src/Illuminate/Container/Container.php(507): App\Providers\RouteServiceProvider->boot()
#13 /Users/ShaoGaoJie/Works/git/laravel52-sourcecode/vendor/laravel/framework/src/Illuminate/Container/Container.php(507): call_user_func_array()
#14 /Users/ShaoGaoJie/Works/git/laravel52-sourcecode/vendor/laravel/framework/src/Illuminate/Foundation/Application.php(757): Illuminate\Container\Container->call()
#15 /Users/ShaoGaoJie/Works/git/laravel52-sourcecode/vendor/laravel/framework/src/Illuminate/Foundation/Application.php(740): Illuminate\Foundation\Application->bootProvider()
#16 /Users/ShaoGaoJie/Works/git/laravel52-sourcecode/vendor/laravel/framework/src/Illuminate/Foundation/Application.php(741): Illuminate\Foundation\Application->Illuminate\Foundation\{closure}()
#17 /Users/ShaoGaoJie/Works/git/laravel52-sourcecode/vendor/laravel/framework/src/Illuminate/Foundation/Application.php(741): array_walk()
#18 /Users/ShaoGaoJie/Works/git/laravel52-sourcecode/vendor/laravel/framework/src/Illuminate/Foundation/Bootstrap/BootProviders.php(17): Illuminate\Foundation\Application->boot()
#19 /Users/ShaoGaoJie/Works/git/laravel52-sourcecode/vendor/laravel/framework/src/Illuminate/Foundation/Application.php(203): Illuminate\Foundation\Bootstrap\BootProviders->bootstrap()
#20 /Users/ShaoGaoJie/Works/git/laravel52-sourcecode/vendor/laravel/framework/src/Illuminate/Foundation/Http/Kernel.php(232): Illuminate\Foundation\Application->bootstrapWith()
#21 /Users/ShaoGaoJie/Works/git/laravel52-sourcecode/vendor/laravel/framework/src/Illuminate/Foundation/Http/Kernel.php(127): Illuminate\Foundation\Http\Kernel->bootstrap()
#22 /Users/ShaoGaoJie/Works/git/laravel52-sourcecode/vendor/laravel/framework/src/Illuminate/Foundation/Http/Kernel.php(99): Illuminate\Foundation\Http\Kernel->sendRequestThroughRouter()
#23 /Users/ShaoGaoJie/Works/git/laravel52-sourcecode/public/index.php(54): Illuminate\Foundation\Http\Kernel->handle()
#24 /Users/ShaoGaoJie/Works/git/laravel52-sourcecode/public/index.php(0): {main}()
#25 {main}  
[2017-10-25 14:14:04] local.ERROR: exception 'ErrorException' with message 'Undefined variable: router' in /Users/ShaoGaoJie/Works/git/laravel52-sourcecode/app/Admin/routes.php:17
Stack trace:
#0 /Users/ShaoGaoJie/Works/git/laravel52-sourcecode/app/Admin/routes.php(17): Illuminate\Foundation\Bootstrap\HandleExceptions->handleError(8, 'Undefined varia...', '/Users/ShaoGaoJ...', 17, Array)
#1 /Users/ShaoGaoJie/Works/git/laravel52-sourcecode/vendor/encore/laravel-admin/src/Providers/AdminServiceProvider.php(64): require('/Users/ShaoGaoJ...')
#2 [internal function]: Encore\Admin\Providers\AdminServiceProvider->boot()
#3 /Users/ShaoGaoJie/Works/git/laravel52-sourcecode/vendor/laravel/framework/src/Illuminate/Container/Container.php(507): call_user_func_array(Array, Array)
#4 /Users/ShaoGaoJie/Works/git/laravel52-sourcecode/vendor/laravel/framework/src/Illuminate/Foundation/Application.php(757): Illuminate\Container\Container->call(Array)
#5 /Users/ShaoGaoJie/Works/git/laravel52-sourcecode/vendor/laravel/framework/src/Illuminate/Foundation/Application.php(740): Illuminate\Foundation\Application->bootProvider(Object(Encore\Admin\Providers\AdminServiceProvider))
#6 [internal function]: Illuminate\Foundation\Application->Illuminate\Foundation\{closure}(Object(Encore\Admin\Providers\AdminServiceProvider), 15)
#7 /Users/ShaoGaoJie/Works/git/laravel52-sourcecode/vendor/laravel/framework/src/Illuminate/Foundation/Application.php(741): array_walk(Array, Object(Closure))
#8 /Users/ShaoGaoJie/Works/git/laravel52-sourcecode/vendor/laravel/framework/src/Illuminate/Foundation/Bootstrap/BootProviders.php(17): Illuminate\Foundation\Application->boot()
#9 /Users/ShaoGaoJie/Works/git/laravel52-sourcecode/vendor/laravel/framework/src/Illuminate/Foundation/Application.php(203): Illuminate\Foundation\Bootstrap\BootProviders->bootstrap(Object(Illuminate\Foundation\Application))
#10 /Users/ShaoGaoJie/Works/git/laravel52-sourcecode/vendor/laravel/framework/src/Illuminate/Foundation/Http/Kernel.php(232): Illuminate\Foundation\Application->bootstrapWith(Array)
#11 /Users/ShaoGaoJie/Works/git/laravel52-sourcecode/vendor/laravel/framework/src/Illuminate/Foundation/Http/Kernel.php(127): Illuminate\Foundation\Http\Kernel->bootstrap()
#12 /Users/ShaoGaoJie/Works/git/laravel52-sourcecode/vendor/laravel/framework/src/Illuminate/Foundation/Http/Kernel.php(99): Illuminate\Foundation\Http\Kernel->sendRequestThroughRouter(Object(Illuminate\Http\Request))
#13 /Users/ShaoGaoJie/Works/git/laravel52-sourcecode/public/index.php(54): Illuminate\Foundation\Http\Kernel->handle(Object(Illuminate\Http\Request))
#14 {main}  
[2017-10-25 14:14:24] local.ERROR: exception 'Symfony\Component\Debug\Exception\FatalErrorException' with message 'Maximum function nesting level of '100' reached, aborting!' in /Users/ShaoGaoJie/Works/git/laravel52-sourcecode/vendor/composer/ClassLoader.php:335
Stack trace:
#0 /Users/ShaoGaoJie/Works/git/laravel52-sourcecode/vendor/laravel/framework/src/Illuminate/Foundation/Bootstrap/HandleExceptions.php(133): Symfony\Component\Debug\Exception\FatalErrorException->__construct()
#1 /Users/ShaoGaoJie/Works/git/laravel52-sourcecode/vendor/laravel/framework/src/Illuminate/Foundation/Bootstrap/HandleExceptions.php(118): Illuminate\Foundation\Bootstrap\HandleExceptions->fatalExceptionFromError()
#2 /Users/ShaoGaoJie/Works/git/laravel52-sourcecode/vendor/laravel/framework/src/Illuminate/Foundation/Bootstrap/HandleExceptions.php(0): Illuminate\Foundation\Bootstrap\HandleExceptions->handleShutdown()
#3 /Users/ShaoGaoJie/Works/git/laravel52-sourcecode/vendor/composer/ClassLoader.php(0): Composer\Autoload\ClassLoader->loadClass()
#4 /Users/ShaoGaoJie/Works/git/laravel52-sourcecode/vendor/composer/ClassLoader.php(9): spl_autoload_call()
#5 /Users/ShaoGaoJie/Works/git/laravel52-sourcecode/vendor/composer/ClassLoader.php(444): ()
#6 /Users/ShaoGaoJie/Works/git/laravel52-sourcecode/vendor/composer/ClassLoader.php(322): Composer\Autoload\includeFile()
#7 /Users/ShaoGaoJie/Works/git/laravel52-sourcecode/vendor/laravel/framework/src/Illuminate/Container/Container.php(0): Composer\Autoload\ClassLoader->loadClass()
#8 /Users/ShaoGaoJie/Works/git/laravel52-sourcecode/vendor/laravel/framework/src/Illuminate/Container/Container.php(57): spl_autoload_call()
#9 /Users/ShaoGaoJie/Works/git/laravel52-sourcecode/vendor/laravel/framework/src/Illuminate/Container/Container.php(732): Illuminate\Validation\ValidationServiceProvider->Illuminate\Validation\{closure}()
#10 /Users/ShaoGaoJie/Works/git/laravel52-sourcecode/vendor/laravel/framework/src/Illuminate/Container/Container.php(629): Illuminate\Container\Container->build()
#11 /Users/ShaoGaoJie/Works/git/laravel52-sourcecode/vendor/laravel/framework/src/Illuminate/Foundation/Application.php(697): Illuminate\Container\Container->make()
#12 /Users/ShaoGaoJie/Works/git/laravel52-sourcecode/vendor/laravel/framework/src/Illuminate/Container/Container.php(1183): Illuminate\Foundation\Application->make()
#13 /Users/ShaoGaoJie/Works/git/laravel52-sourcecode/vendor/laravel/framework/src/Illuminate/Container/Container.php(42): Illuminate\Container\Container->offsetGet()
#14 /Users/ShaoGaoJie/Works/git/laravel52-sourcecode/vendor/laravel/framework/src/Illuminate/Container/Container.php(732): Illuminate\Validation\ValidationServiceProvider->Illuminate\Validation\{closure}()
#15 /Users/ShaoGaoJie/Works/git/laravel52-sourcecode/vendor/laravel/framework/src/Illuminate/Container/Container.php(629): Illuminate\Container\Container->build()
#16 /Users/ShaoGaoJie/Works/git/laravel52-sourcecode/vendor/laravel/framework/src/Illuminate/Foundation/Application.php(697): Illuminate\Container\Container->make()
#17 /Users/ShaoGaoJie/Works/git/laravel52-sourcecode/vendor/laravel/framework/src/Illuminate/Container/Container.php(1183): Illuminate\Foundation\Application->make()
#18 /Users/ShaoGaoJie/Works/git/laravel52-sourcecode/vendor/laravel/framework/src/Illuminate/Support/Facades/Facade.php(151): Illuminate\Container\Container->offsetGet()
#19 /Users/ShaoGaoJie/Works/git/laravel52-sourcecode/vendor/laravel/framework/src/Illuminate/Support/Facades/Facade.php(120): Illuminate\Support\Facades\Facade::resolveFacadeInstance()
#20 /Users/ShaoGaoJie/Works/git/laravel52-sourcecode/vendor/laravel/framework/src/Illuminate/Support/Facades/Facade.php(207): Illuminate\Support\Facades\Facade::getFacadeRoot()
#21 /Users/ShaoGaoJie/Works/git/laravel52-sourcecode/vendor/encore/laravel-admin/src/Controllers/AuthController.php(43): Illuminate\Support\Facades\Facade::__callStatic()
#22 /Users/ShaoGaoJie/Works/git/laravel52-sourcecode/vendor/encore/laravel-admin/src/Controllers/AuthController.php(43): Illuminate\Support\Facades\Validator::make()
#23 /Users/ShaoGaoJie/Works/git/laravel52-sourcecode/vendor/laravel/framework/src/Illuminate/Routing/Controller.php(80): Encore\Admin\Controllers\AuthController->postLogin()
#24 /Users/ShaoGaoJie/Works/git/laravel52-sourcecode/vendor/laravel/framework/src/Illuminate/Routing/Controller.php(80): call_user_func_array()
#25 /Users/ShaoGaoJie/Works/git/laravel52-sourcecode/vendor/laravel/framework/src/Illuminate/Routing/ControllerDispatcher.php(146): Illuminate\Routing\Controller->callAction()
#26 /Users/ShaoGaoJie/Works/git/laravel52-sourcecode/vendor/laravel/framework/src/Illuminate/Routing/ControllerDispatcher.php(94): Illuminate\Routing\ControllerDispatcher->call()
#27 /Users/ShaoGaoJie/Works/git/laravel52-sourcecode/vendor/laravel/framework/src/Illuminate/Routing/Pipeline.php(52): Illuminate\Routing\ControllerDispatcher->Illuminate\Routing\{closure}()
#28 /Users/ShaoGaoJie/Works/git/laravel52-sourcecode/vendor/laravel/framework/src/Illuminate/Routing/Pipeline.php(52): call_user_func()
#29 /Users/ShaoGaoJie/Works/git/laravel52-sourcecode/vendor/laravel/framework/src/Illuminate/Pipeline/Pipeline.php(103): Illuminate\Routing\Pipeline->Illuminate\Routing\{closure}()
#30 /Users/ShaoGaoJie/Works/git/laravel52-sourcecode/vendor/laravel/framework/src/Illuminate/Pipeline/Pipeline.php(103): call_user_func()
#31 /Users/ShaoGaoJie/Works/git/laravel52-sourcecode/vendor/laravel/framework/src/Illuminate/Routing/ControllerDispatcher.php(96): Illuminate\Pipeline\Pipeline->then()
#32 /Users/ShaoGaoJie/Works/git/laravel52-sourcecode/vendor/laravel/framework/src/Illuminate/Routing/ControllerDispatcher.php(54): Illuminate\Routing\ControllerDispatcher->callWithinStack()
#33 /Users/ShaoGaoJie/Works/git/laravel52-sourcecode/vendor/laravel/framework/src/Illuminate/Routing/Route.php(174): Illuminate\Routing\ControllerDispatcher->dispatch()
#34 /Users/ShaoGaoJie/Works/git/laravel52-sourcecode/vendor/laravel/framework/src/Illuminate/Routing/Route.php(140): Illuminate\Routing\Route->runController()
#35 /Users/ShaoGaoJie/Works/git/laravel52-sourcecode/vendor/laravel/framework/src/Illuminate/Routing/Router.php(724): Illuminate\Routing\Route->run()
#36 /Users/ShaoGaoJie/Works/git/laravel52-sourcecode/vendor/laravel/framework/src/Illuminate/Routing/Pipeline.php(52): Illuminate\Routing\Router->Illuminate\Routing\{closure}()
#37 /Users/ShaoGaoJie/Works/git/laravel52-sourcecode/vendor/laravel/framework/src/Illuminate/Routing/Pipeline.php(52): call_user_func()
#38 /Users/ShaoGaoJie/Works/git/laravel52-sourcecode/vendor/encore/laravel-admin/src/Middleware/BootstrapMiddleware.php(23): Illuminate\Routing\Pipeline->Illuminate\Routing\{closure}()
#39 /Users/ShaoGaoJie/Works/git/laravel52-sourcecode/vendor/laravel/framework/src/Illuminate/Pipeline/Pipeline.php(136): Encore\Admin\Middleware\BootstrapMiddleware->handle()
#40 /Users/ShaoGaoJie/Works/git/laravel52-sourcecode/vendor/laravel/framework/src/Illuminate/Pipeline/Pipeline.php(136): call_user_func_array()
#41 /Users/ShaoGaoJie/Works/git/laravel52-sourcecode/vendor/laravel/framework/src/Illuminate/Routing/Pipeline.php(32): Illuminate\Pipeline\Pipeline->Illuminate\Pipeline\{closure}()
#42 /Users/ShaoGaoJie/Works/git/laravel52-sourcecode/vendor/laravel/framework/src/Illuminate/Routing/Pipeline.php(32): call_user_func()
#43 /Users/ShaoGaoJie/Works/git/laravel52-sourcecode/vendor/encore/laravel-admin/src/Middleware/OperationLog.php(32): Illuminate\Routing\Pipeline->Illuminate\Routing\{closure}()
#44 /Users/ShaoGaoJie/Works/git/laravel52-sourcecode/vendor/laravel/framework/src/Illuminate/Pipeline/Pipeline.php(136): Encore\Admin\Middleware\OperationLog->handle()
#45 /Users/ShaoGaoJie/Works/git/laravel52-sourcecode/vendor/laravel/framework/src/Illuminate/Pipeline/Pipeline.php(136): call_user_func_array()
#46 /Users/ShaoGaoJie/Works/git/laravel52-sourcecode/vendor/laravel/framework/src/Illuminate/Routing/Pipeline.php(32): Illuminate\Pipeline\Pipeline->Illuminate\Pipeline\{closure}()
#47 /Users/ShaoGaoJie/Works/git/laravel52-sourcecode/vendor/laravel/framework/src/Illuminate/Routing/Pipeline.php(32): call_user_func()
#48 /Users/ShaoGaoJie/Works/git/laravel52-sourcecode/vendor/encore/laravel-admin/src/Middleware/PjaxMiddleware.php(24): Illuminate\Routing\Pipeline->Illuminate\Routing\{closure}()
#49 /Users/ShaoGaoJie/Works/git/laravel52-sourcecode/vendor/laravel/framework/src/Illuminate/Pipeline/Pipeline.php(136): Encore\Admin\Middleware\PjaxMiddleware->handle()
#50 /Users/ShaoGaoJie/Works/git/laravel52-sourcecode/vendor/laravel/framework/src/Illuminate/Pipeline/Pipeline.php(136): call_user_func_array()
#51 /Users/ShaoGaoJie/Works/git/laravel52-sourcecode/vendor/laravel/framework/src/Illuminate/Routing/Pipeline.php(32): Illuminate\Pipeline\Pipeline->Illuminate\Pipeline\{closure}()
#52 /Users/ShaoGaoJie/Works/git/laravel52-sourcecode/vendor/laravel/framework/src/Illuminate/Routing/Pipeline.php(32): call_user_func()
#53 /Users/ShaoGaoJie/Works/git/laravel52-sourcecode/vendor/encore/laravel-admin/src/Middleware/Authenticate.php(25): Illuminate\Routing\Pipeline->Illuminate\Routing\{closure}()
#54 /Users/ShaoGaoJie/Works/git/laravel52-sourcecode/vendor/laravel/framework/src/Illuminate/Pipeline/Pipeline.php(136): Encore\Admin\Middleware\Authenticate->handle()
#55 /Users/ShaoGaoJie/Works/git/laravel52-sourcecode/vendor/laravel/framework/src/Illuminate/Pipeline/Pipeline.php(136): call_user_func_array()
#56 /Users/ShaoGaoJie/Works/git/laravel52-sourcecode/vendor/laravel/framework/src/Illuminate/Routing/Pipeline.php(32): Illuminate\Pipeline\Pipeline->Illuminate\Pipeline\{closure}()
#57 /Users/ShaoGaoJie/Works/git/laravel52-sourcecode/vendor/laravel/framework/src/Illuminate/Routing/Pipeline.php(32): call_user_func()
#58 /Users/ShaoGaoJie/Works/git/laravel52-sourcecode/vendor/laravel/framework/src/Illuminate/Foundation/Http/Middleware/VerifyCsrfToken.php(64): Illuminate\Routing\Pipeline->Illuminate\Routing\{closure}()
#59 /Users/ShaoGaoJie/Works/git/laravel52-sourcecode/vendor/laravel/framework/src/Illuminate/Pipeline/Pipeline.php(136): Illuminate\Foundation\Http\Middleware\VerifyCsrfToken->handle()
#60 /Users/ShaoGaoJie/Works/git/laravel52-sourcecode/vendor/laravel/framework/src/Illuminate/Pipeline/Pipeline.php(136): call_user_func_array()
#61 /Users/ShaoGaoJie/Works/git/laravel52-sourcecode/vendor/laravel/framework/src/Illuminate/Routing/Pipeline.php(32): Illuminate\Pipeline\Pipeline->Illuminate\Pipeline\{closure}()
#62 /Users/ShaoGaoJie/Works/git/laravel52-sourcecode/vendor/laravel/framework/src/Illuminate/Routing/Pipeline.php(32): call_user_func()
#63 /Users/ShaoGaoJie/Works/git/laravel52-sourcecode/vendor/laravel/framework/src/Illuminate/View/Middleware/ShareErrorsFromSession.php(49): Illuminate\Routing\Pipeline->Illuminate\Routing\{closure}()
#64 /Users/ShaoGaoJie/Works/git/laravel52-sourcecode/vendor/laravel/framework/src/Illuminate/Pipeline/Pipeline.php(136): Illuminate\View\Middleware\ShareErrorsFromSession->handle()
#65 /Users/ShaoGaoJie/Works/git/laravel52-sourcecode/vendor/laravel/framework/src/Illuminate/Pipeline/Pipeline.php(136): call_user_func_array()
#66 /Users/ShaoGaoJie/Works/git/laravel52-sourcecode/vendor/laravel/framework/src/Illuminate/Routing/Pipeline.php(32): Illuminate\Pipeline\Pipeline->Illuminate\Pipeline\{closure}()
#67 /Users/ShaoGaoJie/Works/git/laravel52-sourcecode/vendor/laravel/framework/src/Illuminate/Routing/Pipeline.php(32): call_user_func()
#68 /Users/ShaoGaoJie/Works/git/laravel52-sourcecode/vendor/laravel/framework/src/Illuminate/Session/Middleware/StartSession.php(64): Illuminate\Routing\Pipeline->Illuminate\Routing\{closure}()
#69 /Users/ShaoGaoJie/Works/git/laravel52-sourcecode/vendor/laravel/framework/src/Illuminate/Pipeline/Pipeline.php(136): Illuminate\Session\Middleware\StartSession->handle()
#70 /Users/ShaoGaoJie/Works/git/laravel52-sourcecode/vendor/laravel/framework/src/Illuminate/Pipeline/Pipeline.php(136): call_user_func_array()
#71 /Users/ShaoGaoJie/Works/git/laravel52-sourcecode/vendor/laravel/framework/src/Illuminate/Routing/Pipeline.php(32): Illuminate\Pipeline\Pipeline->Illuminate\Pipeline\{closure}()
#72 /Users/ShaoGaoJie/Works/git/laravel52-sourcecode/vendor/laravel/framework/src/Illuminate/Routing/Pipeline.php(32): call_user_func()
#73 /Users/ShaoGaoJie/Works/git/laravel52-sourcecode/vendor/laravel/framework/src/Illuminate/Cookie/Middleware/AddQueuedCookiesToResponse.php(37): Illuminate\Routing\Pipeline->Illuminate\Routing\{closure}()
#74 /Users/ShaoGaoJie/Works/git/laravel52-sourcecode/vendor/laravel/framework/src/Illuminate/Pipeline/Pipeline.php(136): Illuminate\Cookie\Middleware\AddQueuedCookiesToResponse->handle()
#75 /Users/ShaoGaoJie/Works/git/laravel52-sourcecode/vendor/laravel/framework/src/Illuminate/Pipeline/Pipeline.php(136): call_user_func_array()
#76 /Users/ShaoGaoJie/Works/git/laravel52-sourcecode/vendor/laravel/framework/src/Illuminate/Routing/Pipeline.php(32): Illuminate\Pipeline\Pipeline->Illuminate\Pipeline\{closure}()
#77 /Users/ShaoGaoJie/Works/git/laravel52-sourcecode/vendor/laravel/framework/src/Illuminate/Routing/Pipeline.php(32): call_user_func()
#78 /Users/ShaoGaoJie/Works/git/laravel52-sourcecode/vendor/laravel/framework/src/Illuminate/Cookie/Middleware/EncryptCookies.php(59): Illuminate\Routing\Pipeline->Illuminate\Routing\{closure}()
#79 /Users/ShaoGaoJie/Works/git/laravel52-sourcecode/vendor/laravel/framework/src/Illuminate/Pipeline/Pipeline.php(136): Illuminate\Cookie\Middleware\EncryptCookies->handle()
#80 /Users/ShaoGaoJie/Works/git/laravel52-sourcecode/vendor/laravel/framework/src/Illuminate/Pipeline/Pipeline.php(136): call_user_func_array()
#81 /Users/ShaoGaoJie/Works/git/laravel52-sourcecode/vendor/laravel/framework/src/Illuminate/Routing/Pipeline.php(32): Illuminate\Pipeline\Pipeline->Illuminate\Pipeline\{closure}()
#82 /Users/ShaoGaoJie/Works/git/laravel52-sourcecode/vendor/laravel/framework/src/Illuminate/Routing/Pipeline.php(32): call_user_func()
#83 /Users/ShaoGaoJie/Works/git/laravel52-sourcecode/vendor/laravel/framework/src/Illuminate/Pipeline/Pipeline.php(103): Illuminate\Routing\Pipeline->Illuminate\Routing\{closure}()
#84 /Users/ShaoGaoJie/Works/git/laravel52-sourcecode/vendor/laravel/framework/src/Illuminate/Pipeline/Pipeline.php(103): call_user_func()
#85 /Users/ShaoGaoJie/Works/git/laravel52-sourcecode/vendor/laravel/framework/src/Illuminate/Routing/Router.php(726): Illuminate\Pipeline\Pipeline->then()
#86 /Users/ShaoGaoJie/Works/git/laravel52-sourcecode/vendor/laravel/framework/src/Illuminate/Routing/Router.php(699): Illuminate\Routing\Router->runRouteWithinStack()
#87 /Users/ShaoGaoJie/Works/git/laravel52-sourcecode/vendor/laravel/framework/src/Illuminate/Routing/Router.php(675): Illuminate\Routing\Router->dispatchToRoute()
#88 /Users/ShaoGaoJie/Works/git/laravel52-sourcecode/vendor/laravel/framework/src/Illuminate/Foundation/Http/Kernel.php(246): Illuminate\Routing\Router->dispatch()
#89 /Users/ShaoGaoJie/Works/git/laravel52-sourcecode/vendor/laravel/framework/src/Illuminate/Routing/Pipeline.php(52): Illuminate\Foundation\Http\Kernel->Illuminate\Foundation\Http\{closure}()
#90 /Users/ShaoGaoJie/Works/git/laravel52-sourcecode/vendor/laravel/framework/src/Illuminate/Routing/Pipeline.php(52): call_user_func()
#91 /Users/ShaoGaoJie/Works/git/laravel52-sourcecode/vendor/laravel/framework/src/Illuminate/Foundation/Http/Middleware/CheckForMaintenanceMode.php(44): Illuminate\Routing\Pipeline->Illuminate\Routing\{closure}()
#92 /Users/ShaoGaoJie/Works/git/laravel52-sourcecode/vendor/laravel/framework/src/Illuminate/Pipeline/Pipeline.php(136): Illuminate\Foundation\Http\Middleware\CheckForMaintenanceMode->handle()
#93 /Users/ShaoGaoJie/Works/git/laravel52-sourcecode/vendor/laravel/framework/src/Illuminate/Pipeline/Pipeline.php(136): call_user_func_array()
#94 /Users/ShaoGaoJie/Works/git/laravel52-sourcecode/vendor/laravel/framework/src/Illuminate/Routing/Pipeline.php(32): Illuminate\Pipeline\Pipeline->Illuminate\Pipeline\{closure}()
#95 /Users/ShaoGaoJie/Works/git/laravel52-sourcecode/vendor/laravel/framework/src/Illuminate/Routing/Pipeline.php(32): call_user_func()
#96 /Users/ShaoGaoJie/Works/git/laravel52-sourcecode/vendor/laravel/framework/src/Illuminate/Pipeline/Pipeline.php(103): Illuminate\Routing\Pipeline->Illuminate\Routing\{closure}()
#97 /Users/ShaoGaoJie/Works/git/laravel52-sourcecode/vendor/laravel/framework/src/Illuminate/Pipeline/Pipeline.php(103): call_user_func()
#98 /Users/ShaoGaoJie/Works/git/laravel52-sourcecode/vendor/laravel/framework/src/Illuminate/Foundation/Http/Kernel.php(132): Illuminate\Pipeline\Pipeline->then()
#99 /Users/ShaoGaoJie/Works/git/laravel52-sourcecode/vendor/laravel/framework/src/Illuminate/Foundation/Http/Kernel.php(99): Illuminate\Foundation\Http\Kernel->sendRequestThroughRouter()
#100 /Users/ShaoGaoJie/Works/git/laravel52-sourcecode/public/index.php(54): Illuminate\Foundation\Http\Kernel->handle()
#101 /Users/ShaoGaoJie/Works/git/laravel52-sourcecode/public/index.php(0): {main}()
#102 {main}  
